<?xml version="1.0" encoding="UTF-8" ?>
<testsuite tests="4" failures="1" name="org.stackroute.CalculatorTest" time="0.006" errors="0" skipped="0">
  <properties>
[...]
</properties>
  <testcase classname="org.stackroute.CalculatorTest" name="testDivide" time="0.006">
    <failure message="expected:&lt;2.0&gt; but was:&lt;10.0&gt;" type="junit.framework.AssertionFailedError">junit.framework.AssertionFailedError: expected:&lt;2.0&gt; but was:&lt;10.0&gt;
	at junit.framework.Assert.fail(Assert.java:47)
	at junit.framework.Assert.failNotEquals(Assert.java:282)
	at junit.framework.Assert.assertEquals(Assert.java:64)
	at junit.framework.Assert.assertEquals(Assert.java:71)
	at org.stackroute.CalculatorTest.testDivide(CalculatorTest.java:47)
</failure>
  </testcase>
  <testcase classname="org.stackroute.CalculatorTest" name="testSubtract" time="0"/>
  <testcase classname="org.stackroute.CalculatorTest" name="testAdd" time="0"/>
  <testcase classname="org.stackroute.CalculatorTest" name="testMultiply" time="0"/>
</testsuite>